<?xml version="1.0" encoding="UTF-8"?>
<!-- Generated by org.testng.reporters.JUnitReportReporter -->
<testsuite skipped="1" hostname="scherukuri-mbp15" name="com.deem.test.Sample_Test" tests="43" failures="0" timestamp="23 Jun 2018 22:41:01 GMT" time="265.407" errors="0">
  <testcase name="testGBTURLs" time="5.883" classname="com.deem.test.Sample_Test"/>
  <testcase name="testGBTURLs" time="5.949" classname="com.deem.test.Sample_Test"/>
  <testcase name="testGBTURLs" time="6.178" classname="com.deem.test.Sample_Test"/>
  <testcase name="testGBTURLs" time="5.804" classname="com.deem.test.Sample_Test"/>
  <testcase name="testGBTURLs" time="5.618" classname="com.deem.test.Sample_Test"/>
  <testcase name="testGBTURLs" time="5.625" classname="com.deem.test.Sample_Test"/>
  <testcase name="testGBTURLs" time="6.107" classname="com.deem.test.Sample_Test"/>
  <testcase name="testGBTURLs" time="6.666" classname="com.deem.test.Sample_Test"/>
  <testcase name="testGBTURLs" time="5.824" classname="com.deem.test.Sample_Test"/>
  <testcase name="testGBTURLs" time="6.025" classname="com.deem.test.Sample_Test"/>
  <testcase name="testGBTURLs" time="5.975" classname="com.deem.test.Sample_Test"/>
  <testcase name="testGBTURLs" time="6.131" classname="com.deem.test.Sample_Test"/>
  <testcase name="testGBTURLs" time="21.952" classname="com.deem.test.Sample_Test"/>
  <testcase name="testGBTURLs" time="5.948" classname="com.deem.test.Sample_Test"/>
  <testcase name="testGBTURLs" time="5.747" classname="com.deem.test.Sample_Test"/>
  <testcase name="testGBTURLs" time="6.226" classname="com.deem.test.Sample_Test"/>
  <testcase name="testGBTURLs" time="6.083" classname="com.deem.test.Sample_Test"/>
  <testcase name="testGBTURLs" time="6.059" classname="com.deem.test.Sample_Test"/>
  <testcase name="testGBTURLs" time="5.993" classname="com.deem.test.Sample_Test"/>
  <testcase name="testGBTURLs" time="5.749" classname="com.deem.test.Sample_Test"/>
  <testcase name="testGBTURLs" time="6.120" classname="com.deem.test.Sample_Test"/>
  <testcase name="testGBTURLs" time="5.743" classname="com.deem.test.Sample_Test"/>
  <testcase name="testGBTURLs" time="6.133" classname="com.deem.test.Sample_Test"/>
  <testcase name="testGBTURLs" time="5.863" classname="com.deem.test.Sample_Test"/>
  <testcase name="testGBTURLs" time="6.047" classname="com.deem.test.Sample_Test"/>
  <testcase name="testGBTURLs" time="6.152" classname="com.deem.test.Sample_Test"/>
  <testcase name="testGBTURLs" time="5.632" classname="com.deem.test.Sample_Test"/>
  <testcase name="testGBTURLs" time="6.074" classname="com.deem.test.Sample_Test"/>
  <testcase name="testGBTURLs" time="5.835" classname="com.deem.test.Sample_Test"/>
  <testcase name="testGBTURLs" time="6.252" classname="com.deem.test.Sample_Test"/>
  <testcase name="testGBTURLs" time="5.983" classname="com.deem.test.Sample_Test"/>
  <testcase name="testGBTURLs" time="5.584" classname="com.deem.test.Sample_Test"/>
  <testcase name="testGBTURLs" time="5.992" classname="com.deem.test.Sample_Test"/>
  <testcase name="testGBTURLs" time="6.058" classname="com.deem.test.Sample_Test"/>
  <testcase name="testGBTURLs" time="5.755" classname="com.deem.test.Sample_Test"/>
  <testcase name="testGBTURLs" time="5.621" classname="com.deem.test.Sample_Test"/>
  <testcase name="testGBTURLs" time="5.552" classname="com.deem.test.Sample_Test"/>
  <testcase name="testGBTURLs" time="6.093" classname="com.deem.test.Sample_Test"/>
  <testcase name="testGBTURLs" time="5.968" classname="com.deem.test.Sample_Test"/>
  <testcase name="testGBTURLs" time="5.824" classname="com.deem.test.Sample_Test"/>
  <testcase name="testGBTURLs" time="5.892" classname="com.deem.test.Sample_Test"/>
  <testcase name="testGBTURLs" time="5.692" classname="com.deem.test.Sample_Test"/>
  <testcase name="testCreateReport" classname="com.deem.test.Sample_Test">
    <skipped/>
  </testcase> <!-- testCreateReport -->
</testsuite> <!-- com.deem.test.Sample_Test -->
