<?xml version="1.0" encoding="UTF-8"?>
<!-- Generated by org.testng.reporters.JUnitReportReporter -->
<testsuite hostname="scherukuri-mbp15" name="com.deem.test.BrokenLinks" tests="1" failures="0" timestamp="14 Sep 2016 04:34:38 GMT" time="117.522" errors="0">
  <testcase name="testFutureAdvisorLogin" time="117.522" classname="com.deem.test.BrokenLinks"/>
</testsuite> <!-- com.deem.test.BrokenLinks -->
