<?xml version="1.0" encoding="UTF-8"?>
<!-- Generated by org.testng.reporters.JUnitReportReporter -->
<testsuite hostname="scherukuri-mbp15.local" name="com.deem.test.RestAPI" tests="1" failures="0" timestamp="31 Dec 2015 22:12:51 GMT" time="0.417" errors="0">
  <testcase name="testGetPdfThumbnail" time="0.417" classname="com.deem.test.RestAPI"/>
</testsuite> <!-- com.deem.test.RestAPI -->
