<?xml version="1.0" encoding="UTF-8"?>
<!-- Generated by org.testng.reporters.JUnitReportReporter -->
<testsuite hostname="scherukuri-mbp15.local" name="com.deem.test.SimplePostRequestTest" tests="1" failures="0" timestamp="11 Feb 2016 02:23:35 GMT" time="14.937" errors="0">
  <testcase name="testUploadReceipt_updated" time="14.937" classname="com.deem.test.SimplePostRequestTest"/>
</testsuite> <!-- com.deem.test.SimplePostRequestTest -->
